+ 60874131 -yta dała wczoraj -owi czekoladki
60874131 czekoladki -yta dała wczoraj -owi
60877118 -owi -yta dała wczoraj czekoladki
60877118 czekoladki -owi -yta dała wczoraj
60877119 -owi czekoladki -yta dała wczoraj
60877119 -yta dała wczoraj czekoladki -owi
60877391 czekoladki -owi dała wczoraj -yta
60877392 -owi dała wczoraj -yta czekoladki
60878234 czekoladki dała wczoraj -yta -owi
60878234 dała wczoraj -yta -owi czekoladki
60878235 -owi czekoladki dała wczoraj -yta
60878236 dała wczoraj -yta czekoladki -owi
60882884 czekoladki dała wczoraj -owi -yta
60882885 dała wczoraj -owi -yta czekoladki
60882885 dała wczoraj -owi czekoladki -yta
60882886 -yta czekoladki dała wczoraj -owi
60885029 -owi dała wczoraj czekoladki -yta
60885029 -yta -owi dała wczoraj czekoladki
60885029 czekoladki -yta -owi dała wczoraj
60885030 -yta czekoladki -owi dała wczoraj
60885872 dała wczoraj czekoladki -owi -yta
60885872 dała wczoraj czekoladki -yta -owi
60885873 -owi -yta czekoladki dała wczoraj
60885873 -yta -owi czekoladki dała wczoraj
+ 61282080 -yta wczoraj dała -owi czekoladki
61282080 czekoladki -yta wczoraj dała -owi
61285897 czekoladki wczoraj dała -owi -yta
61285898 wczoraj dała -owi -yta czekoladki
61285898 wczoraj dała -owi czekoladki -yta
+ 61285899 -yta czekoladki wczoraj dała -owi
61287519 -owi -yta wczoraj dała czekoladki
61287519 czekoladki -owi -yta wczoraj dała
61287520 -owi czekoladki -yta wczoraj dała
61287520 -yta wczoraj dała czekoladki -owi
61290777 -owi wczoraj dała czekoladki -yta
61290777 -yta -owi wczoraj dała czekoladki
61290777 czekoladki -owi wczoraj dała -yta
61290777 czekoladki -yta -owi wczoraj dała
61290778 -owi wczoraj dała -yta czekoladki
61290778 -yta czekoladki -owi wczoraj dała
61291337 czekoladki wczoraj dała -yta -owi
61291337 wczoraj dała czekoladki -owi -yta
61291337 wczoraj dała czekoladki -yta -owi
61291338 -owi -yta czekoladki wczoraj dała
61291338 -owi czekoladki wczoraj dała -yta
61291338 -yta -owi czekoladki wczoraj dała
61291338 wczoraj dała -yta -owi czekoladki
61291339 wczoraj dała -yta czekoladki -owi
61962653 czekoladki wczoraj -yta dała -owi
61962654 wczoraj -yta dała -owi czekoladki
61967533 -owi wczoraj -yta dała czekoladki
61967533 czekoladki -owi wczoraj -yta dała
61968093 -owi czekoladki wczoraj -yta dała
61968093 wczoraj -yta dała czekoladki -owi
61969731 -yta dała -owi wczoraj czekoladki
+ 61969731 czekoladki -yta dała -owi wczoraj
61970291 wczoraj czekoladki -yta dała -owi
61970292 -yta dała -owi czekoladki wczoraj
61970847 czekoladki dała -owi wczoraj -yta
61970848 dała -owi wczoraj -yta czekoladki
- 61971407 dała -owi czekoladki wczoraj -yta
61971408 wczoraj -yta czekoladki dała -owi
- 61972742 czekoladki wczoraj -owi -yta dała
61972742 wczoraj -owi -yta dała czekoladki
61972743 -yta dała czekoladki wczoraj -owi
61972743 wczoraj -owi czekoladki -yta dała
61975171 -owi wczoraj czekoladki -yta dała
61975171 -yta dała czekoladki -owi wczoraj
61975227 -yta wczoraj czekoladki dała -owi
61975227 czekoladki dała -owi -yta wczoraj
- 61975227 dała -owi -yta wczoraj czekoladki
61975228 dała -owi czekoladki -yta wczoraj
61975730 wczoraj czekoladki -owi -yta dała
61975731 -owi -yta dała czekoladki wczoraj
61976003 -owi dała czekoladki wczoraj -yta
61976003 czekoladki wczoraj -yta -owi dała
61976003 wczoraj -yta -owi dała czekoladki
61976004 wczoraj -yta czekoladki -owi dała
61976286 dała czekoladki -owi wczoraj -yta
61976288 -owi wczoraj -yta czekoladki dała
61976835 -yta wczoraj -owi dała czekoladki
61976835 czekoladki -yta wczoraj -owi dała
61976846 dała czekoladki wczoraj -yta -owi
61976847 wczoraj -yta -owi czekoladki dała
61977679 -yta wczoraj -owi czekoladki dała
61977679 czekoladki dała -yta wczoraj -owi
61977679 dała -yta wczoraj -owi czekoladki
61977679 dała czekoladki -yta wczoraj -owi
61978485 dała -owi wczoraj czekoladki -yta
61978486 -yta czekoladki dała -owi wczoraj
61979044 wczoraj czekoladki dała -owi -yta
61979046 dała -owi -yta czekoladki wczoraj
61979823 -owi dała -yta wczoraj czekoladki
61979823 -yta wczoraj czekoladki -owi dała
61979824 -owi dała czekoladki -yta wczoraj
61979824 czekoladki -owi dała -yta wczoraj
61980653 czekoladki wczoraj -owi dała -yta
61980653 wczoraj -owi dała czekoladki -yta
61980654 -yta czekoladki wczoraj -owi dała
61980654 wczoraj -owi dała -yta czekoladki
61980666 -owi -yta wczoraj czekoladki dała
61980666 dała czekoladki -owi -yta wczoraj
61980667 -owi czekoladki dała -yta wczoraj
61980667 dała -yta wczoraj czekoladki -owi
61981496 dała czekoladki wczoraj -owi -yta
61981497 wczoraj -owi -yta czekoladki dała
61981497 wczoraj -owi czekoladki dała -yta
61981498 dała -yta czekoladki wczoraj -owi
61983641 -yta -owi dała czekoladki wczoraj
61983641 wczoraj czekoladki -owi dała -yta
61983641 wczoraj czekoladki -yta -owi dała
61983643 -owi dała -yta czekoladki wczoraj
61983924 -owi wczoraj czekoladki dała -yta
61983924 -yta -owi wczoraj czekoladki dała
61983924 czekoladki dała -yta -owi wczoraj
61983924 dała -yta -owi wczoraj czekoladki
- 61983924 dała czekoladki -yta -owi wczoraj
61983926 dała -yta czekoladki -owi wczoraj
61984484 wczoraj czekoladki dała -yta -owi
61984485 dała -yta -owi czekoladki wczoraj
